[debug] ----------------------------------------------------------------------
[debug] Command:      node /usr/local/bin/firebase serve
[debug] CLI Version:  3.7.0
[debug] Platform:     darwin
[debug] Node Version: v0.10.20
[debug] Time:         Tue May 09 2017 16:15:00 GMT-0700 (PDT)
[debug] ----------------------------------------------------------------------
[debug] 
[debug] > command requires scopes: ["email","openid","https://www.googleapis.com/auth/cloudplatformprojects.readonly","https://www.googleapis.com/auth/firebase","https://www.googleapis.com/auth/cloud-platform"]
[debug] > refreshing access token with scopes: ["email","https://www.googleapis.com/auth/cloud-platform","https://www.googleapis.com/auth/cloudplatformprojects.readonly","https://www.googleapis.com/auth/firebase","openid"]
[debug] >>> HTTP REQUEST POST https://www.googleapis.com/oauth2/v3/token { refresh_token: '1/D7-gKMeetdrZktq_kwgKh409Nochahd0YgeJer5lIcI',
  client_id: '563584335869-fgrhgmd47bqnekij5i8b5pr03ho849e6.apps.googleusercontent.com',
  client_secret: 'j9iVZfS8kkCEFUPaAeJV0sAi',
  grant_type: 'refresh_token',
  scope: 'email https://www.googleapis.com/auth/cloud-platform https://www.googleapis.com/auth/cloudplatformprojects.readonly https://www.googleapis.com/auth/firebase openid' } 
 Tue May 09 2017 16:15:00 GMT-0700 (PDT)
[debug] <<< HTTP RESPONSE 200
[debug] >>> HTTP REQUEST GET https://admin.firebase.com/v1/projects/validately-948d9  
 Tue May 09 2017 16:15:01 GMT-0700 (PDT)
[debug] <<< HTTP RESPONSE 200
[debug] >>> HTTP REQUEST GET https://admin.firebase.com/v1/database/validately-948d9/tokens  
 Tue May 09 2017 16:15:04 GMT-0700 (PDT)
[debug] <<< HTTP RESPONSE 200
[info] Starting Firebase development server...
[info] 
[info] Project Directory: /Users/chinweiwong/projects/validately
[debug] >>> HTTP REQUEST GET https://cloudresourcemanager.googleapis.com/v1/projects/validately-948d9  
 Tue May 09 2017 16:15:04 GMT-0700 (PDT)
[debug] <<< HTTP RESPONSE 200
[debug] >>> HTTP REQUEST GET https://mobilesdk-pa.googleapis.com/v1/projects/354991934469/clients/_:getWebAppConfig  
 Tue May 09 2017 16:15:05 GMT-0700 (PDT)
[debug] <<< HTTP RESPONSE 200
[debug] TypeError: Cannot read property 'public' of undefined
    at Server.<anonymous> (/usr/local/lib/node_modules/firebase-tools/commands/serve.js:37:17)
    at Server.g (events.js:175:14)
    at Server.EventEmitter.emit (events.js:92:17)
    at net.js:1052:10
    at process._tickCallback (node.js:415:13)
[error] 
[error] Error: An unexpected error has occurred.
[debug] ----------------------------------------------------------------------
[debug] Command:      node /usr/local/bin/firebase serve
[debug] CLI Version:  3.7.0
[debug] Platform:     darwin
[debug] Node Version: v0.10.20
[debug] Time:         Tue May 09 2017 16:15:44 GMT-0700 (PDT)
[debug] ----------------------------------------------------------------------
[debug] 
[debug] > command requires scopes: ["email","openid","https://www.googleapis.com/auth/cloudplatformprojects.readonly","https://www.googleapis.com/auth/firebase","https://www.googleapis.com/auth/cloud-platform"]
[debug] >>> HTTP REQUEST GET https://admin.firebase.com/v1/projects/validately-948d9  
 Tue May 09 2017 16:15:44 GMT-0700 (PDT)
[debug] <<< HTTP RESPONSE 200
[debug] >>> HTTP REQUEST GET https://admin.firebase.com/v1/database/validately-948d9/tokens  
 Tue May 09 2017 16:15:44 GMT-0700 (PDT)
[debug] <<< HTTP RESPONSE 200
[info] Starting Firebase development server...
[info] 
[info] Project Directory: /Users/chinweiwong/projects/validately
[debug] >>> HTTP REQUEST GET https://cloudresourcemanager.googleapis.com/v1/projects/validately-948d9  
 Tue May 09 2017 16:15:45 GMT-0700 (PDT)
[debug] <<< HTTP RESPONSE 200
[debug] >>> HTTP REQUEST GET https://mobilesdk-pa.googleapis.com/v1/projects/354991934469/clients/_:getWebAppConfig  
 Tue May 09 2017 16:15:45 GMT-0700 (PDT)
[debug] <<< HTTP RESPONSE 200
[debug] TypeError: Cannot read property 'public' of undefined
    at Server.<anonymous> (/usr/local/lib/node_modules/firebase-tools/commands/serve.js:37:17)
    at Server.g (events.js:175:14)
    at Server.EventEmitter.emit (events.js:92:17)
    at net.js:1052:10
    at process._tickCallback (node.js:415:13)
[error] 
[error] Error: An unexpected error has occurred.
[debug] ----------------------------------------------------------------------
[debug] Command:      node /usr/local/bin/firebase serve
[debug] CLI Version:  3.7.0
[debug] Platform:     darwin
[debug] Node Version: v0.10.20
[debug] Time:         Tue May 09 2017 16:15:59 GMT-0700 (PDT)
[debug] ----------------------------------------------------------------------
[debug] 
[debug] > command requires scopes: ["email","openid","https://www.googleapis.com/auth/cloudplatformprojects.readonly","https://www.googleapis.com/auth/firebase","https://www.googleapis.com/auth/cloud-platform"]
[debug] >>> HTTP REQUEST GET https://admin.firebase.com/v1/projects/validately-948d9  
 Tue May 09 2017 16:15:59 GMT-0700 (PDT)
[debug] <<< HTTP RESPONSE 200
[debug] >>> HTTP REQUEST GET https://admin.firebase.com/v1/database/validately-948d9/tokens  
 Tue May 09 2017 16:15:59 GMT-0700 (PDT)
[debug] <<< HTTP RESPONSE 200
[info] Starting Firebase development server...
[info] 
[info] Project Directory: /Users/chinweiwong/projects/validately
[debug] >>> HTTP REQUEST GET https://cloudresourcemanager.googleapis.com/v1/projects/validately-948d9  
 Tue May 09 2017 16:16:01 GMT-0700 (PDT)
[debug] <<< HTTP RESPONSE 200
[debug] >>> HTTP REQUEST GET https://mobilesdk-pa.googleapis.com/v1/projects/354991934469/clients/_:getWebAppConfig  
 Tue May 09 2017 16:16:02 GMT-0700 (PDT)
[debug] <<< HTTP RESPONSE 200
[debug] TypeError: Cannot read property 'public' of undefined
    at Server.<anonymous> (/usr/local/lib/node_modules/firebase-tools/commands/serve.js:37:17)
    at Server.g (events.js:175:14)
    at Server.EventEmitter.emit (events.js:92:17)
    at net.js:1052:10
    at process._tickCallback (node.js:415:13)
[error] 
[error] Error: An unexpected error has occurred.
